# JRE version: Java(TM) SE Runtime Environment (14.0.2+12) (build 14.0.2+12-46)
# Java VM: Java HotSpot(TM) 64-Bit Server VM (14.0.2+12-46, mixed mode, sharing, tiered, compressed oops, g1 gc, windows-amd64)
Heap:
 garbage-first heap   total 309248K, used 303322K [0x00000000a0000000, 0x0000000100000000)
  region size 1024K, 50 young (51200K), 2 survivors (2048K)
 Metaspace       used 92742K, capacity 95871K, committed 96076K, reserved 1132544K
  class space    used 12268K, capacity 13354K, committed 13388K, reserved 1048576K
GC Heap History (20 events):
Event: 52.641 GC heap before
{Heap before GC invocations=49 (full 0):
 garbage-first heap   total 173056K, used 129048K [0x00000000a0000000, 0x0000000100000000)
  region size 1024K, 42 young (43008K), 4 survivors (4096K)
 Metaspace       used 84913K, capacity 87686K, committed 87756K, reserved 1124352K
  class space    used 11245K, capacity 12197K, committed 12236K, reserved 1048576K
}
Event: 52.646 GC heap after
{Heap after GC invocations=50 (full 0):
 garbage-first heap   total 173056K, used 95081K [0x00000000a0000000, 0x0000000100000000)
  region size 1024K, 6 young (6144K), 6 survivors (6144K)
 Metaspace       used 84913K, capacity 87686K, committed 87756K, reserved 1124352K
  class space    used 11245K, capacity 12197K, committed 12236K, reserved 1048576K
}
Event: 53.105 GC heap before
{Heap before GC invocations=50 (full 0):
 garbage-first heap   total 173056K, used 136041K [0x00000000a0000000, 0x0000000100000000)
  region size 1024K, 47 young (48128K), 6 survivors (6144K)
 Metaspace       used 88810K, capacity 91754K, committed 91980K, reserved 1128448K
  class space    used 11789K, capacity 12820K, committed 12876K, reserved 1048576K
}
Event: 53.111 GC heap after
{Heap after GC invocations=51 (full 0):
 garbage-first heap   total 173056K, used 96926K [0x00000000a0000000, 0x0000000100000000)
  region size 1024K, 3 young (3072K), 3 survivors (3072K)
 Metaspace       used 88810K, capacity 91754K, committed 91980K, reserved 1128448K
  class space    used 11789K, capacity 12820K, committed 12876K, reserved 1048576K
}
Event: 53.217 GC heap before
{Heap before GC invocations=52 (full 0):
 garbage-first heap   total 194560K, used 138910K [0x00000000a0000000, 0x0000000100000000)
  region size 1024K, 44 young (45056K), 3 survivors (3072K)
 Metaspace       used 89204K, capacity 92224K, committed 92364K, reserved 1128448K
  class space    used 11841K, capacity 12891K, committed 13004K, reserved 1048576K
}
Event: 53.219 GC heap after
{Heap after GC invocations=53 (full 0):
 garbage-first heap   total 194560K, used 95109K [0x00000000a0000000, 0x0000000100000000)
  region size 1024K, 3 young (3072K), 3 survivors (3072K)
 Metaspace       used 89204K, capacity 92224K, committed 92364K, reserved 1128448K
  class space    used 11841K, capacity 12891K, committed 13004K, reserved 1048576K
}
Event: 53.306 GC heap before
{Heap before GC invocations=53 (full 0):
 garbage-first heap   total 194560K, used 128901K [0x00000000a0000000, 0x0000000100000000)
  region size 1024K, 38 young (38912K), 3 survivors (3072K)
 Metaspace       used 89239K, capacity 92250K, committed 92364K, reserved 1128448K
  class space    used 11849K, capacity 12900K, committed 13004K, reserved 1048576K
}
Event: 53.309 GC heap after
{Heap after GC invocations=54 (full 0):
 garbage-first heap   total 194560K, used 96138K [0x00000000a0000000, 0x0000000100000000)
  region size 1024K, 4 young (4096K), 4 survivors (4096K)
 Metaspace       used 89239K, capacity 92250K, committed 92364K, reserved 1128448K
  class space    used 11849K, capacity 12900K, committed 13004K, reserved 1048576K
}
Event: 53.430 GC heap before
{Heap before GC invocations=55 (full 0):
 garbage-first heap   total 194560K, used 110474K [0x00000000a0000000, 0x0000000100000000)
  region size 1024K, 17 young (17408K), 4 survivors (4096K)
 Metaspace       used 89524K, capacity 92546K, committed 92876K, reserved 1128448K
  class space    used 11888K, capacity 12924K, committed 13004K, reserved 1048576K
}
Event: 53.433 GC heap after
{Heap after GC invocations=56 (full 0):
 garbage-first heap   total 194560K, used 96908K [0x00000000a0000000, 0x0000000100000000)
  region size 1024K, 5 young (5120K), 5 survivors (5120K)
 Metaspace       used 89524K, capacity 92546K, committed 92876K, reserved 1128448K
  class space    used 11888K, capacity 12924K, committed 13004K, reserved 1048576K
}
Event: 53.691 GC heap before
{Heap before GC invocations=57 (full 0):
 garbage-first heap   total 206848K, used 170636K [0x00000000a0000000, 0x0000000100000000)
  region size 1024K, 63 young (64512K), 5 survivors (5120K)
 Metaspace       used 90329K, capacity 93373K, committed 93516K, reserved 1130496K
  class space    used 12015K, capacity 13076K, committed 13132K, reserved 1048576K
}
Event: 53.718 GC heap after
{Heap after GC invocations=58 (full 0):
 garbage-first heap   total 206848K, used 136759K [0x00000000a0000000, 0x0000000100000000)
  region size 1024K, 8 young (8192K), 8 survivors (8192K)
 Metaspace       used 90329K, capacity 93373K, committed 93516K, reserved 1130496K
  class space    used 12015K, capacity 13076K, committed 13132K, reserved 1048576K
}
Event: 53.992 GC heap before
{Heap before GC invocations=58 (full 0):
 garbage-first heap   total 206848K, used 161335K [0x00000000a0000000, 0x0000000100000000)
  region size 1024K, 34 young (34816K), 8 survivors (8192K)
 Metaspace       used 90522K, capacity 93639K, committed 93772K, reserved 1130496K
  class space    used 12017K, capacity 13076K, committed 13132K, reserved 1048576K
}
Event: 54.007 GC heap after
{Heap after GC invocations=59 (full 0):
 garbage-first heap   total 206848K, used 146432K [0x00000000a0000000, 0x0000000100000000)
  region size 1024K, 5 young (5120K), 5 survivors (5120K)
 Metaspace       used 90522K, capacity 93639K, committed 93772K, reserved 1130496K
  class space    used 12017K, capacity 13076K, committed 13132K, reserved 1048576K
}
Event: 54.182 GC heap before
{Heap before GC invocations=60 (full 0):
 garbage-first heap   total 250880K, used 155648K [0x00000000a0000000, 0x0000000100000000)
  region size 1024K, 17 young (17408K), 5 survivors (5120K)
 Metaspace       used 90558K, capacity 93644K, committed 93772K, reserved 1130496K
  class space    used 12017K, capacity 13076K, committed 13132K, reserved 1048576K
}
Event: 54.188 GC heap after
{Heap after GC invocations=61 (full 0):
 garbage-first heap   total 250880K, used 151040K [0x00000000a0000000, 0x0000000100000000)
  region size 1024K, 4 young (4096K), 4 survivors (4096K)
 Metaspace       used 90558K, capacity 93644K, committed 93772K, reserved 1130496K
  class space    used 12017K, capacity 13076K, committed 13132K, reserved 1048576K
}
Event: 54.328 GC heap before
{Heap before GC invocations=61 (full 0):
 garbage-first heap   total 309248K, used 197120K [0x00000000a0000000, 0x0000000100000000)
  region size 1024K, 43 young (44032K), 4 survivors (4096K)
 Metaspace       used 90626K, capacity 93693K, committed 94028K, reserved 1130496K
  class space    used 11992K, capacity 13032K, committed 13132K, reserved 1048576K
}
Event: 54.330 GC heap after
{Heap after GC invocations=62 (full 0):
 garbage-first heap   total 309248K, used 157877K [0x00000000a0000000, 0x0000000100000000)
  region size 1024K, 2 young (2048K), 2 survivors (2048K)
 Metaspace       used 90626K, capacity 93693K, committed 94028K, reserved 1130496K
  class space    used 11992K, capacity 13032K, committed 13132K, reserved 1048576K
}
Event: 54.378 GC heap before
{Heap before GC invocations=63 (full 0):
 garbage-first heap   total 309248K, used 158901K [0x00000000a0000000, 0x0000000100000000)
  region size 1024K, 4 young (4096K), 2 survivors (2048K)
 Metaspace       used 90669K, capacity 93693K, committed 94028K, reserved 1130496K
  class space    used 11992K, capacity 13032K, committed 13132K, reserved 1048576K
}
Event: 54.380 GC heap after
{Heap after GC invocations=64 (full 0):
 garbage-first heap   total 309248K, used 157914K [0x00000000a0000000, 0x0000000100000000)
  region size 1024K, 2 young (2048K), 2 survivors (2048K)
 Metaspace       used 90669K, capacity 93693K, committed 94028K, reserved 1130496K
  class space    used 11992K, capacity 13032K, committed 13132K, reserved 1048576K
}

